<?xml version="1.0" encoding="UTF-8"?>
<!-- Generated by org.testng.reporters.JUnitReportReporter -->
<testsuite skipped="0" hostname="PC452946" name="org.servicenow.testcases.TC002_AssessTheChangeRequest" tests="2" failures="0" timestamp="2020-04-04T00:42:48 IST" time="132.355" errors="0">
  <testcase name="assessTheChangeRequest" time="66.245" classname="org.servicenow.testcases.TC002_AssessTheChangeRequest"/>
  <testcase name="assessTheChangeRequest" time="66.110" classname="org.servicenow.testcases.TC002_AssessTheChangeRequest"/>
</testsuite> <!-- org.servicenow.testcases.TC002_AssessTheChangeRequest -->
