<?xml version="1.0" encoding="UTF-8"?>
<!-- Generated by org.testng.reporters.JUnitReportReporter -->
<testsuite skipped="0" hostname="PC452946" name="org.servicenow.api.ServiceNowProjectSpecificMethods" tests="1" failures="0" timestamp="2020-04-10T00:46:02 IST" time="55.224" errors="0">
  <testcase name="runScenario" time="55.224" classname="org.servicenow.api.ServiceNowProjectSpecificMethods"/>
</testsuite> <!-- org.servicenow.api.ServiceNowProjectSpecificMethods -->
