<?xml version="1.0" encoding="UTF-8"?>
<!-- Generated by org.testng.reporters.JUnitReportReporter -->
<testsuite skipped="0" hostname="PC452946" name="org.servicenow.testcases.TC001_CreateNewChange" tests="2" failures="0" timestamp="2020-04-04T00:42:48 IST" time="64.556" errors="0">
  <testcase name="createNewChange" time="31.512" classname="org.servicenow.testcases.TC001_CreateNewChange"/>
  <testcase name="createNewChange" time="33.044" classname="org.servicenow.testcases.TC001_CreateNewChange"/>
</testsuite> <!-- org.servicenow.testcases.TC001_CreateNewChange -->
